<?xml version="1.0" encoding="UTF-8"?>
<!-- Generated by org.testng.reporters.JUnitXMLReporter -->
<testsuite ignored="0" hostname="LuisGabriel" failures="0" tests="9" name="Test" time="19.511" errors="0" timestamp="2021-01-02T21:07:46 CST">
  <testcase classname="finaltc.AddingMultipleItemsCart" name="@BeforeTest getConnection" time="13.113">
    <failure type="org.openqa.selenium.SessionNotCreatedException" message="session not created
from chrome not reachable
  (Session info: MicrosoftEdge=87.0.664.66)
Build info: version: &amp;apos;3.141.59&amp;apos;, revision: &amp;apos;e82be7d358&amp;apos;, time: &amp;apos;2018-11-14T08:17:03&amp;apos;
System info: host: &amp;apos;LUISGABRIEL&amp;apos;, ip: &amp;apos;192.168.50.149&amp;apos;, os.name: &amp;apos;Windows 10&amp;apos;, os.arch: &amp;apos;amd64&amp;apos;, os.version: &amp;apos;10.0&amp;apos;, java.version: &amp;apos;11.0.9&amp;apos;
Driver info: driver.version: EdgeDriver
remote stacktrace: Backtrace:
	Ordinal0 [0x00007FF7DBD4F8B2+4257970]
	Ordinal0 [0x00007FF7DBC24449+3032137]
	Ordinal0 [0x00007FF7DBA7D093+1298579]
	Ordinal0 [0x00007FF7DBA7004C+1245260]
	Ordinal0 [0x00007FF7DBA70C15+1248277]
	Ordinal0 [0x00007FF7DBA71DF9+1252857]
	Ordinal0 [0x00007FF7DBA6C0E7+1229031]
	Ordinal0 [0x00007FF7DB9F47EB+739307]
	Ordinal0 [0x00007FF7DB9EDD5F+712031]
	Ordinal0 [0x00007FF7DB9C8C85+560261]
	Ordinal0 [0x00007FF7DB9C9A6B+563819]
	Ordinal0 [0x00007FF7DBC41AB8+3152568]
	GetHandleVerifier [0x00007FF7DBEA1572+1256722]
	GetHandleVerifier [0x00007FF7DBEB3EF6+1332886]
	GetHandleVerifier [0x00007FF7DBEA1F39+1259225]
	Ordinal0 [0x00007FF7DBC34C85+3099781]
	Ordinal0 [0x00007FF7DBC43E9B+3161755]
	Ordinal0 [0x00007FF7DBC5A1EA+3252714]
	BaseThreadInitThunk [0x00007FFFCAD37034+20]
	RtlUserThreadStart [0x00007FFFCB7BD0D1+33]
">
      <![CDATA[org.openqa.selenium.SessionNotCreatedException: session not created
from chrome not reachable
  (Session info: MicrosoftEdge=87.0.664.66)
Build info: version: '3.141.59', revision: 'e82be7d358', time: '2018-11-14T08:17:03'
System info: host: 'LUISGABRIEL', ip: '192.168.50.149', os.name: 'Windows 10', os.arch: 'amd64', os.version: '10.0', java.version: '11.0.9'
Driver info: driver.version: EdgeDriver
remote stacktrace: Backtrace:
Ordinal0 [0x00007FF7DBD4F8B2+4257970]
Ordinal0 [0x00007FF7DBC24449+3032137]
Ordinal0 [0x00007FF7DBA7D093+1298579]
Ordinal0 [0x00007FF7DBA7004C+1245260]
Ordinal0 [0x00007FF7DBA70C15+1248277]
Ordinal0 [0x00007FF7DBA71DF9+1252857]
Ordinal0 [0x00007FF7DBA6C0E7+1229031]
Ordinal0 [0x00007FF7DB9F47EB+739307]
Ordinal0 [0x00007FF7DB9EDD5F+712031]
Ordinal0 [0x00007FF7DB9C8C85+560261]
Ordinal0 [0x00007FF7DB9C9A6B+563819]
Ordinal0 [0x00007FF7DBC41AB8+3152568]
GetHandleVerifier [0x00007FF7DBEA1572+1256722]
GetHandleVerifier [0x00007FF7DBEB3EF6+1332886]
GetHandleVerifier [0x00007FF7DBEA1F39+1259225]
Ordinal0 [0x00007FF7DBC34C85+3099781]
Ordinal0 [0x00007FF7DBC43E9B+3161755]
Ordinal0 [0x00007FF7DBC5A1EA+3252714]
BaseThreadInitThunk [0x00007FFFCAD37034+20]
RtlUserThreadStart [0x00007FFFCB7BD0D1+33]

at org.openqa.selenium.remote.W3CHandshakeResponse.lambda$errorHandler$0(W3CHandshakeResponse.java:62)
at org.openqa.selenium.remote.HandshakeResponse.lambda$getResponseFunction$0(HandshakeResponse.java:30)
at org.openqa.selenium.remote.ProtocolHandshake.lambda$createSession$0(ProtocolHandshake.java:126)
at java.base/java.util.stream.ReferencePipeline$3$1.accept(ReferencePipeline.java:195)
at java.base/java.util.Spliterators$ArraySpliterator.tryAdvance(Spliterators.java:958)
at java.base/java.util.stream.ReferencePipeline.forEachWithCancel(ReferencePipeline.java:127)
at java.base/java.util.stream.AbstractPipeline.copyIntoWithCancel(AbstractPipeline.java:502)
at java.base/java.util.stream.AbstractPipeline.copyInto(AbstractPipeline.java:488)
at java.base/java.util.stream.AbstractPipeline.wrapAndCopyInto(AbstractPipeline.java:474)
at java.base/java.util.stream.FindOps$FindOp.evaluateSequential(FindOps.java:150)
at java.base/java.util.stream.AbstractPipeline.evaluate(AbstractPipeline.java:234)
at java.base/java.util.stream.ReferencePipeline.findFirst(ReferencePipeline.java:543)
at org.openqa.selenium.remote.ProtocolHandshake.createSession(ProtocolHandshake.java:128)
at org.openqa.selenium.remote.ProtocolHandshake.createSession(ProtocolHandshake.java:74)
at org.openqa.selenium.remote.HttpCommandExecutor.execute(HttpCommandExecutor.java:136)
at org.openqa.selenium.remote.service.DriverCommandExecutor.execute(DriverCommandExecutor.java:83)
at org.openqa.selenium.remote.RemoteWebDriver.execute(RemoteWebDriver.java:552)
at org.openqa.selenium.remote.RemoteWebDriver.startSession(RemoteWebDriver.java:213)
at org.openqa.selenium.remote.RemoteWebDriver.<init>(RemoteWebDriver.java:131)
at org.openqa.selenium.edge.EdgeDriver.<init>(EdgeDriver.java:141)
at org.openqa.selenium.edge.EdgeDriver.<init>(EdgeDriver.java:96)
at resources.Base.initializerDriver(Base.java:43)
at finaltc.AddingMultipleItemsCart.getConnection(AddingMultipleItemsCart.java:22)
... Removed 28 stack frames]]>
    </failure>
  </testcase> <!-- @BeforeTest getConnection -->
  <testcase classname="finaltc.ValidateAddingQuantityToTheItemShoppingCart" name="@BeforeTest getConnection" time="-1.609643266097E9">
    <skipped/>
  </testcase> <!-- @BeforeTest getConnection -->
  <testcase classname="finaltc.ValidateAddingSingleItemShoppingCart" name="@BeforeTest getConnection" time="-1.609643266098E9">
    <skipped/>
  </testcase> <!-- @BeforeTest getConnection -->
  <testcase classname="finaltc.VerifyCheckoutButtonDisabledWhenCarEmpty" name="@BeforeTest getConnection" time="-1.609643266098E9">
    <skipped/>
  </testcase> <!-- @BeforeTest getConnection -->
  <testcase classname="finaltc.VerifyIfAddButtonShowAddedWhenClicked" name="@BeforeTest getConnection" time="-1.609643266099E9">
    <skipped/>
  </testcase> <!-- @BeforeTest getConnection -->
  <testcase classname="finaltc.VerifyIfCartClearButtonClearAddedMultipleISingleItemsToCart" name="@BeforeTest getConnection" time="-1.609643266099E9">
    <skipped/>
  </testcase> <!-- @BeforeTest getConnection -->
  <testcase classname="finaltc.VerifyIfShoppingCartKeepItemWhenBrowserGetRefreshed" name="@BeforeTest getConnection" time="-1.6096432661E9">
    <skipped/>
  </testcase> <!-- @BeforeTest getConnection -->
  <testcase classname="finaltc.VerifyTotalSumOfAddQuantitySingleItem" name="@BeforeTest getConnection" time="-1.6096432661E9">
    <skipped/>
  </testcase> <!-- @BeforeTest getConnection -->
  <testcase classname="finaltc.AddingMultipleISingleItemsToCart" name="@AfterTest close" time="-1.609643266129E9">
    <skipped/>
  </testcase> <!-- @AfterTest close -->
  <testcase classname="finaltc.AddingMultipleItemsCart" name="@AfterTest close" time="-1.60964326613E9">
    <skipped/>
  </testcase> <!-- @AfterTest close -->
  <testcase classname="finaltc.ValidateAddingQuantityToTheItemShoppingCart" name="@AfterTest close" time="-1.60964326613E9">
    <skipped/>
  </testcase> <!-- @AfterTest close -->
  <testcase classname="finaltc.ValidateAddingSingleItemShoppingCart" name="@AfterTest close" time="-1.609643266131E9">
    <skipped/>
  </testcase> <!-- @AfterTest close -->
  <testcase classname="finaltc.VerifyCheckoutButtonDisabledWhenCarEmpty" name="@AfterTest close" time="-1.609643266131E9">
    <skipped/>
  </testcase> <!-- @AfterTest close -->
  <testcase classname="finaltc.VerifyIfAddButtonShowAddedWhenClicked" name="@AfterTest close" time="-1.609643266132E9">
    <skipped/>
  </testcase> <!-- @AfterTest close -->
  <testcase classname="finaltc.VerifyIfCartClearButtonClearAddedMultipleISingleItemsToCart" name="@AfterTest close" time="-1.609643266132E9">
    <skipped/>
  </testcase> <!-- @AfterTest close -->
  <testcase classname="finaltc.VerifyIfShoppingCartKeepItemWhenBrowserGetRefreshed" name="@AfterTest close" time="-1.609643266132E9">
    <skipped/>
  </testcase> <!-- @AfterTest close -->
  <testcase classname="finaltc.VerifyTotalSumOfAddQuantitySingleItem" name="@AfterTest close" time="-1.609643266133E9">
    <skipped/>
  </testcase> <!-- @AfterTest close -->
  <testcase classname="finaltc.VerifyIfCartClearButtonClearAddedMultipleISingleItemsToCart" name="verifyIfCartClearButtonClearAddedMultipleISingleItemsToCart" time="0.0">
    <skipped/>
  </testcase> <!-- verifyIfCartClearButtonClearAddedMultipleISingleItemsToCart -->
  <testcase classname="finaltc.VerifyCheckoutButtonDisabledWhenCarEmpty" name="verifyCheckoutButtonDisabledWhenCarEmpty" time="0.0">
    <skipped/>
  </testcase> <!-- verifyCheckoutButtonDisabledWhenCarEmpty -->
  <testcase classname="finaltc.ValidateAddingSingleItemShoppingCart" name="AddingProductToCart" time="0.0">
    <skipped/>
  </testcase> <!-- AddingProductToCart -->
  <testcase classname="finaltc.AddingMultipleISingleItemsToCart" name="addingMultipleIOneItemsToCart" time="0.0">
    <skipped/>
  </testcase> <!-- addingMultipleIOneItemsToCart -->
  <testcase classname="finaltc.AddingMultipleItemsCart" name="addingMultipleMoreThanOneItemsCart" time="0.0">
    <skipped/>
  </testcase> <!-- addingMultipleMoreThanOneItemsCart -->
  <testcase classname="finaltc.VerifyIfShoppingCartKeepItemWhenBrowserGetRefreshed" name="AddingProductToCart" time="0.0">
    <skipped/>
  </testcase> <!-- AddingProductToCart -->
  <testcase classname="finaltc.VerifyTotalSumOfAddQuantitySingleItem" name="verifyTotalSumOfAddQuantityOneItem" time="0.0">
    <skipped/>
  </testcase> <!-- verifyTotalSumOfAddQuantityOneItem -->
  <testcase classname="finaltc.ValidateAddingQuantityToTheItemShoppingCart" name="addingQuantityProductsToCart" time="0.0">
    <skipped/>
  </testcase> <!-- addingQuantityProductsToCart -->
  <testcase classname="finaltc.VerifyIfAddButtonShowAddedWhenClicked" name="verifyAddedTextOnAddedButton" time="0.0">
    <skipped/>
  </testcase> <!-- verifyAddedTextOnAddedButton -->
</testsuite> <!-- Test -->
